info @storybook/react v6.5.16
info 
info => Cleaning outputDir: /tmp/chromatic--9562-PPdMkHngIILn
info => Loading presets
info => Compiling manager..
info => Compiling preview..
info Addon-docs: using MDX1
info => Using implicit CSS loaders
info => Using default Webpack5 setup
<s> [webpack.Progress] 0% 

<s> [webpack.Progress] 1% setup before run
<s> [webpack.Progress] 1% setup before run NodeEnvironmentPlugin
<s> [webpack.Progress] 1% setup before run
<s> [webpack.Progress] 2% setup run
<s> [webpack.Progress] 2% setup run
<s> [webpack.Progress] 4% setup normal module factory
<s> [webpack.Progress] 4% setup normal module factory CaseSensitivePathsPlugin
<s> [webpack.Progress] 4% setup normal module factory IgnorePlugin
<s> [webpack.Progress] 4% setup normal module factory
<s> [webpack.Progress] 5% setup context module factory
<s> [webpack.Progress] 5% setup context module factory IgnorePlugin
<s> [webpack.Progress] 5% setup context module factory
<s> [webpack.Progress] 6% setup before compile
<s> [webpack.Progress] 6% setup before compile ProgressPlugin
<s> [webpack.Progress] 6% setup before compile
<s> [webpack.Progress] 7% setup compile
<s> [webpack.Progress] 7% setup compile ExternalsPlugin
<s> [webpack.Progress] 7% setup compile
<s> [webpack.Progress] 8% setup compilation
<s> [webpack.Progress] 8% setup compilation ArrayPushCallbackChunkFormatPlugin
<s> [webpack.Progress] 8% setup compilation JsonpChunkLoadingPlugin
<s> [webpack.Progress] 8% setup compilation StartupChunkDependenciesPlugin
<s> [webpack.Progress] 8% setup compilation ImportScriptsChunkLoadingPlugin
<s> [webpack.Progress] 8% setup compilation FetchCompileWasmPlugin
<s> [webpack.Progress] 8% setup compilation FetchCompileAsyncWasmPlugin
<s> [webpack.Progress] 8% setup compilation WorkerPlugin
<s> [webpack.Progress] 8% setup compilation SplitChunksPlugin
<s> [webpack.Progress] 8% setup compilation RuntimeChunkPlugin
<s> [webpack.Progress] 8% setup compilation ResolverCachePlugin
<s> [webpack.Progress] 8% setup compilation HtmlWebpackPlugin
<s> [webpack.Progress] 8% setup compilation
<s> [webpack.Progress] 9% setup compilation
<s> [webpack.Progress] 9% setup compilation DefinePlugin
<s> [webpack.Progress] 9% setup compilation ProvidePlugin
<s> [webpack.Progress] 9% setup compilation ProgressPlugin
<s> [webpack.Progress] 9% setup compilation DocGenPlugin
<s> [webpack.Progress] 9% setup compilation ChunkPrefetchPreloadPlugin
<s> [webpack.Progress] 9% setup compilation SourceMapDevToolPlugin
<s> [webpack.Progress] 9% setup compilation JavascriptModulesPlugin
<s> [webpack.Progress] 9% setup compilation JsonModulesPlugin
<s> [webpack.Progress] 9% setup compilation AssetModulesPlugin
<s> [webpack.Progress] 9% setup compilation EntryPlugin
<s> [webpack.Progress] 9% setup compilation EntryPlugin
<s> [webpack.Progress] 9% setup compilation EntryPlugin
<s> [webpack.Progress] 9% setup compilation EntryPlugin
<s> [webpack.Progress] 9% setup compilation EntryPlugin
<s> [webpack.Progress] 9% setup compilation EntryPlugin
<s> [webpack.Progress] 9% setup compilation EntryPlugin
<s> [webpack.Progress] 9% setup compilation EntryPlugin
<s> [webpack.Progress] 9% setup compilation EntryPlugin
<s> [webpack.Progress] 9% setup compilation EntryPlugin
<s> [webpack.Progress] 9% setup compilation EntryPlugin
<s> [webpack.Progress] 9% setup compilation EntryPlugin
<s> [webpack.Progress] 9% setup compilation EntryPlugin
<s> [webpack.Progress] 9% setup compilation EntryPlugin
<s> [webpack.Progress] 9% setup compilation RuntimePlugin
<s> [webpack.Progress] 9% setup compilation InferAsyncModulesPlugin
<s> [webpack.Progress] 9% setup compilation DataUriPlugin
<s> [webpack.Progress] 9% setup compilation FileUriPlugin
<s> [webpack.Progress] 9% setup compilation CompatibilityPlugin
<s> [webpack.Progress] 9% setup compilation HarmonyModulesPlugin
<s> [webpack.Progress] 9% setup compilation AMDPlugin
<s> [webpack.Progress] 9% setup compilation RequireJsStuffPlugin
<s> [webpack.Progress] 9% setup compilation CommonJsPlugin
<s> [webpack.Progress] 9% setup compilation LoaderPlugin
<s> [webpack.Progress] 9% setup compilation LoaderPlugin
<s> [webpack.Progress] 9% setup compilation NodeStuffPlugin
<s> [webpack.Progress] 9% setup compilation APIPlugin
<s> [webpack.Progress] 9% setup compilation ExportsInfoApiPlugin
<s> [webpack.Progress] 9% setup compilation WebpackIsIncludedPlugin
<s> [webpack.Progress] 9% setup compilation ConstPlugin
<s> [webpack.Progress] 9% setup compilation UseStrictPlugin
<s> [webpack.Progress] 9% setup compilation RequireIncludePlugin
<s> [webpack.Progress] 9% setup compilation RequireEnsurePlugin
<s> [webpack.Progress] 9% setup compilation RequireContextPlugin
<s> [webpack.Progress] 9% setup compilation ImportPlugin
<s> [webpack.Progress] 9% setup compilation RequireContextPlugin
<s> [webpack.Progress] 9% setup compilation SystemPlugin
<s> [webpack.Progress] 9% setup compilation ImportMetaPlugin
<s> [webpack.Progress] 9% setup compilation URLPlugin
<s> [webpack.Progress] 9% setup compilation DefaultStatsFactoryPlugin
<s> [webpack.Progress] 9% setup compilation DefaultStatsPresetPlugin
<s> [webpack.Progress] 9% setup compilation DefaultStatsPrinterPlugin
<s> [webpack.Progress] 9% setup compilation JavascriptMetaInfoPlugin
<s> [webpack.Progress] 9% setup compilation EnsureChunkConditionsPlugin
<s> [webpack.Progress] 9% setup compilation RemoveEmptyChunksPlugin
<s> [webpack.Progress] 9% setup compilation MergeDuplicateChunksPlugin
<s> [webpack.Progress] 9% setup compilation FlagIncludedChunksPlugin
<s> [webpack.Progress] 9% setup compilation SideEffectsFlagPlugin
<s> [webpack.Progress] 9% setup compilation FlagDependencyExportsPlugin
<s> [webpack.Progress] 9% setup compilation FlagDependencyUsagePlugin
<s> [webpack.Progress] 9% setup compilation InnerGraphPlugin
<s> [webpack.Progress] 9% setup compilation MangleExportsPlugin
<s> [webpack.Progress] 9% setup compilation ModuleConcatenationPlugin
<s> [webpack.Progress] 9% setup compilation NoEmitOnErrorsPlugin
<s> [webpack.Progress] 9% setup compilation RealContentHashPlugin
<s> [webpack.Progress] 9% setup compilation WasmFinalizeExportsPlugin
<s> [webpack.Progress] 9% setup compilation NamedModuleIdsPlugin
<s> [webpack.Progress] 9% setup compilation DeterministicChunkIdsPlugin
<s> [webpack.Progress] 9% setup compilation DefinePlugin
<s> [webpack.Progress] 9% setup compilation TerserPlugin
<s> [webpack.Progress] 9% setup compilation TemplatedPathPlugin
<s> [webpack.Progress] 9% setup compilation RecordIdsPlugin
<s> [webpack.Progress] 9% setup compilation WarnCaseSensitiveModulesPlugin
<s> [webpack.Progress] 9% setup compilation IgnoreWarningsPlugin
<s> [webpack.Progress] 9% setup compilation
<s> [webpack.Progress] 10% building
<s> [webpack.Progress] 10% building 0/1 entries 0/0 dependencies 0/0 modules
<s> [webpack.Progress] 10% building import loader ./node_modules/@storybook/builder-webpack5/node_modules/babel-loader/lib/index.js
<s> [webpack.Progress] 10% building 0/14 entries 13/32 dependencies 0/12 modules
<s> [webpack.Progress] 10% building 0/14 entries 14/32 dependencies 0/12 modules
<s> [webpack.Progress] 10% building import loader ./node_modules/@storybook/addon-docs/node_modules/babel-loader/lib/index.js
<s> [webpack.Progress] 10% building import loader ./node_modules/@storybook/mdx1-csf/loader.js
<s> [webpack.Progress] 10% building 0/14 entries 35/101 dependencies 0/33 modules
<s> [webpack.Progress] 13% building 1/14 entries 36/101 dependencies 1/33 modules
<s> [webpack.Progress] 13% building import loader ./node_modules/@storybook/source-loader/dist/cjs/index.js
<s> [webpack.Progress] 13% building 1/14 entries 73/105 dependencies 1/70 modules
<s> [webpack.Progress] 13% building 1/14 entries 82/118 dependencies 2/78 modules
<s> [webpack.Progress] 13% building 1/14 entries 100/195 dependencies 3/84 modules
<s> [webpack.Progress] 13% building 1/14 entries 300/441 dependencies 5/169 modules
<s> [webpack.Progress] 17% building 2/14 entries 556/649 dependencies 9/271 modules
<s> [webpack.Progress] 17% building 2/14 entries 600/649 dependencies 9/277 modules
<s> [webpack.Progress] 17% building 2/14 entries 729/779 dependencies 23/313 modules
<s> [webpack.Progress] 17% building import loader ./node_modules/@storybook/core-common/node_modules/babel-loader/lib/index.js
<s> [webpack.Progress] 17% building 2/14 entries 731/779 dependencies 25/313 modules
<s> [webpack.Progress] 17% building 2/14 entries 826/1186 dependencies 30/356 modules
<s> [webpack.Progress] 17% building 2/14 entries 882/1262 dependencies 31/361 modules
<s> [webpack.Progress] 17% building 2/14 entries 1025/1423 dependencies 33/405 modules
<s> [webpack.Progress] 17% building 2/14 entries 1400/1423 dependencies 41/474 modules
<s> [webpack.Progress] 17% building import loader ./node_modules/style-loader/dist/cjs.js
<s> [webpack.Progress] 17% building import loader ./node_modules/css-loader/dist/cjs.js
<s> [webpack.Progress] 17% building 2/14 entries 1742/1794 dependencies 66/502 modules
<s> [webpack.Progress] 17% building 2/14 entries 1795/1900 dependencies 67/523 modules
<s> [webpack.Progress] 17% building 2/14 entries 2100/2351 dependencies 98/542 modules
<s> [webpack.Progress] 17% building 2/14 entries 2333/2400 dependencies 110/571 modules
<s> [webpack.Progress] 17% building 2/14 entries 2429/4800 dependencies 169/572 modules
<s> [webpack.Progress] 17% building 2/14 entries 2600/13313 dependencies 178/696 modules
<s> [webpack.Progress] 17% building 2/14 entries 2700/13313 dependencies 178/796 modules
<s> [webpack.Progress] 17% building 2/14 entries 3100/13313 dependencies 178/1196 modules
<s> [webpack.Progress] 17% building 2/14 entries 3600/13313 dependencies 178/1696 modules
<s> [webpack.Progress] 17% building 2/14 entries 3900/13313 dependencies 178/1996 modules
<s> [webpack.Progress] 17% building 2/14 entries 4600/13313 dependencies 178/2696 modules
<s> [webpack.Progress] 17% building 2/14 entries 5600/13313 dependencies 178/3696 modules
<s> [webpack.Progress] 17% building 2/14 entries 5800/13313 dependencies 178/3896 modules
<s> [webpack.Progress] 17% building 2/14 entries 6200/13313 dependencies 178/4296 modules
<s> [webpack.Progress] 17% building 2/14 entries 6400/13313 dependencies 178/4496 modules
<s> [webpack.Progress] 17% building 2/14 entries 6800/13313 dependencies 178/4896 modules
<s> [webpack.Progress] 17% building 2/14 entries 7100/13313 dependencies 178/5196 modules
<s> [webpack.Progress] 17% building 2/14 entries 7600/13313 dependencies 178/5696 modules
<s> [webpack.Progress] 17% building 2/14 entries 8000/13313 dependencies 178/6096 modules
<s> [webpack.Progress] 17% building 2/14 entries 8700/13313 dependencies 178/6796 modules
<s> [webpack.Progress] 17% building 2/14 entries 9200/13313 dependencies 178/7296 modules
<s> [webpack.Progress] 17% building 2/14 entries 9700/13313 dependencies 178/7796 modules
<s> [webpack.Progress] 17% building 2/14 entries 10200/13313 dependencies 178/8296 modules
<s> [webpack.Progress] 17% building 2/14 entries 10800/13313 dependencies 178/8896 modules
<s> [webpack.Progress] 17% building 2/14 entries 11500/13313 dependencies 178/9596 modules
<s> [webpack.Progress] 17% building 2/14 entries 12100/13313 dependencies 178/10196 modules
<s> [webpack.Progress] 17% building 2/14 entries 12600/13313 dependencies 178/10696 modules
<s> [webpack.Progress] 17% building 2/14 entries 13300/13313 dependencies 180/11350 modules
<s> [webpack.Progress] 17% building 2/14 entries 13500/13681 dependencies 258/11363 modules
<s> [webpack.Progress] 17% building 2/14 entries 13700/13960 dependencies 318/11396 modules
<s> [webpack.Progress] 17% building 2/14 entries 14144/14300 dependencies 352/11533 modules
<s> [webpack.Progress] 17% building 2/14 entries 14250/14324 dependencies 358/11600 modules
<s> [webpack.Progress] 17% building 2/14 entries 14560/14600 dependencies 368/11695 modules
<s> [webpack.Progress] 17% building 2/14 entries 14950/15000 dependencies 370/11790 modules
<s> [webpack.Progress] 17% building 2/14 entries 15400/15501 dependencies 370/11796 modules
<s> [webpack.Progress] 17% building 2/14 entries 15900/15933 dependencies 371/11834 modules
<s> [webpack.Progress] 17% building 2/14 entries 16447/16500 dependencies 371/11834 modules
<s> [webpack.Progress] 17% building 2/14 entries 16995/17000 dependencies 371/11836 modules
<s> [webpack.Progress] 17% building 2/14 entries 17500/17591 dependencies 371/11836 modules
<s> [webpack.Progress] 17% building 2/14 entries 18019/18100 dependencies 371/11836 modules
<s> [webpack.Progress] 17% building 2/14 entries 18595/18600 dependencies 371/11836 modules
<s> [webpack.Progress] 17% building 2/14 entries 18991/19000 dependencies 371/11836 modules
<s> [webpack.Progress] 17% building 2/14 entries 19500/19591 dependencies 371/11836 modules
<s> [webpack.Progress] 17% building 2/14 entries 20191/20200 dependencies 371/11836 modules
<s> [webpack.Progress] 17% building 2/14 entries 20900/20991 dependencies 371/11836 modules
<s> [webpack.Progress] 17% building 2/14 entries 21592/21600 dependencies 371/11836 modules
<s> [webpack.Progress] 17% building 2/14 entries 21992/22000 dependencies 371/11836 modules
<s> [webpack.Progress] 17% building 2/14 entries 22451/22500 dependencies 371/11836 modules
<s> [webpack.Progress] 17% building 2/14 entries 22994/23000 dependencies 371/11836 modules
<s> [webpack.Progress] 17% building 2/14 entries 23500/23534 dependencies 371/11836 modules
<s> [webpack.Progress] 17% building 2/14 entries 24100/24127 dependencies 371/11836 modules
<s> [webpack.Progress] 17% building 2/14 entries 24796/24800 dependencies 371/11836 modules
<s> [webpack.Progress] 17% building 2/14 entries 25453/25500 dependencies 371/11836 modules
<s> [webpack.Progress] 17% building 2/14 entries 25996/26000 dependencies 371/11836 modules
info => Manager built (46 s)
<s> [webpack.Progress] 17% building 2/14 entries 26796/26800 dependencies 371/11836 modules
<s> [webpack.Progress] 17% building 2/14 entries 27596/27600 dependencies 371/11836 modules
<s> [webpack.Progress] 17% building 2/14 entries 28397/28400 dependencies 371/11836 modules
<s> [webpack.Progress] 17% building 2/14 entries 29200/29202 dependencies 371/11836 modules
<s> [webpack.Progress] 17% building 2/14 entries 30000/30003 dependencies 371/11836 modules
<s> [webpack.Progress] 17% building 2/14 entries 30800/30803 dependencies 371/11836 modules
<s> [webpack.Progress] 17% building 2/14 entries 31595/31600 dependencies 371/11836 modules
<s> [webpack.Progress] 17% building 2/14 entries 32400/32463 dependencies 371/11836 modules
<s> [webpack.Progress] 17% building 2/14 entries 33200/33263 dependencies 371/11836 modules
<s> [webpack.Progress] 17% building 2/14 entries 34000/34064 dependencies 371/11836 modules
<s> [webpack.Progress] 17% building 2/14 entries 34706/34800 dependencies 371/11836 modules
<s> [webpack.Progress] 17% building 2/14 entries 34944/35000 dependencies 371/11836 modules
<s> [webpack.Progress] 17% building 2/14 entries 35666/36100 dependencies 371/11836 modules
<s> [webpack.Progress] 17% building 2/14 entries 36192/36300 dependencies 387/11976 modules
<s> [webpack.Progress] 17% building 2/14 entries 36266/36600 dependencies 473/11976 modules
<s> [webpack.Progress] 17% building 2/14 entries 36800/37095 dependencies 551/12061 modules
<s> [webpack.Progress] 17% building 2/14 entries 37318/37800 dependencies 587/12084 modules
<s> [webpack.Progress] 17% building 2/14 entries 37825/37900 dependencies 615/12110 modules
<s> [webpack.Progress] 60% building 2/14 entries 38300/38447 dependencies 11219/12136 modules
<s> [webpack.Progress] 61% building 2/14 entries 38782/38833 dependencies 11300/12165 modules
<s> [webpack.Progress] 61% building 2/14 entries 39300/39377 dependencies 11489/12240 modules
<s> [webpack.Progress] 61% building 2/14 entries 39626/39800 dependencies 11554/12317 modules
<s> [webpack.Progress] 61% building 2/14 entries 39991/40100 dependencies 11649/12397 modules
<s> [webpack.Progress] 61% building 2/14 entries 40481/40600 dependencies 11776/12528 modules
<s> [webpack.Progress] 61% building 2/14 entries 40645/40800 dependencies 11814/12560 modules
<s> [webpack.Progress] 61% building 2/14 entries 41300/41343 dependencies 11989/12751 modules
<s> [webpack.Progress] 62% building 2/14 entries 41400/41455 dependencies 12167/12786 modules
<s> [webpack.Progress] 63% building 2/14 entries 41598/41700 dependencies 12338/12803 modules
<s> [webpack.Progress] 62% building 2/14 entries 42100/42236 dependencies 12466/12965 modules
<s> [webpack.Progress] 64% building 3/14 entries 42522/42537 dependencies 12951/13050 modules
<s> [webpack.Progress] 64% building 4/14 entries 42522/42537 dependencies 12952/13050 modules
<s> [webpack.Progress] 64% building 5/14 entries 42522/42537 dependencies 12953/13050 modules
<s> [webpack.Progress] 64% building 6/14 entries 42522/42537 dependencies 12954/13050 modules
<s> [webpack.Progress] 64% building 7/14 entries 42522/42537 dependencies 12955/13050 modules
<s> [webpack.Progress] 64% building 8/14 entries 42522/42537 dependencies 12956/13050 modules
<s> [webpack.Progress] 64% building 9/14 entries 42522/42537 dependencies 12957/13050 modules
<s> [webpack.Progress] 64% building 10/14 entries 42522/42537 dependencies 12958/13050 modules
<s> [webpack.Progress] 64% building 11/14 entries 42522/42537 dependencies 12959/13050 modules
<s> [webpack.Progress] 64% building 12/14 entries 42522/42537 dependencies 12960/13050 modules
<s> [webpack.Progress] 64% building 13/14 entries 42747/42747 dependencies 13073/13091 modules
<s> [webpack.Progress] 65% building 14/14 entries 42749/42749 dependencies 13092/13092 modules
<s> [webpack.Progress] 65% building
<s> [webpack.Progress] 69% building finish
<s> [webpack.Progress] 69% building finish
<s> [webpack.Progress] 70% sealing finish module graph
<s> [webpack.Progress] 70% sealing finish module graph ResolverCachePlugin
<s> [webpack.Progress] 70% sealing finish module graph InferAsyncModulesPlugin
<s> [webpack.Progress] 70% sealing finish module graph FlagDependencyExportsPlugin
<s> [webpack.Progress] 70% sealing finish module graph InnerGraphPlugin
<s> [webpack.Progress] 70% sealing finish module graph WasmFinalizeExportsPlugin
<s> [webpack.Progress] 70% sealing finish module graph
<s> [webpack.Progress] 70% sealing plugins
<s> [webpack.Progress] 70% sealing plugins DocGenPlugin
DeprecationWarning: 'createIdentifier' has been deprecated since v4.0.0. Use the appropriate method on 'ts.factory' or the 'factory' supplied by your transformation context instead.
DeprecationWarning: '' has been deprecated since v4.0.0. Use the appropriate method on 'ts.factory' or the 'factory' supplied by your transformation context instead.
DeprecationWarning: 'createLiteral' has been deprecated since v4.0.0. Use `factory.createStringLiteral`, `factory.createStringLiteralFromNode`, `factory.createNumericLiteral`, `factory.createBigIntLiteral`, `factory.createTrue`, `factory.createFalse`, or the factory supplied by your transformation context instead.
DeprecationWarning: 'createBinaryExpression' has been deprecated since v4.0.0. Use the appropriate method on 'ts.factory' or the 'factory' supplied by your transformation context instead.
DeprecationWarning: 'createExpressionStatement' has been deprecated since v4.0.0. Use the appropriate method on 'ts.factory' or the 'factory' supplied by your transformation context instead.
DeprecationWarning: 'createPropertyAssignment' has been deprecated since v4.0.0. Use the appropriate method on 'ts.factory' or the 'factory' supplied by your transformation context instead.
DeprecationWarning: 'createNull' has been deprecated since v4.0.0. Use the appropriate method on 'ts.factory' or the 'factory' supplied by your transformation context instead.
DeprecationWarning: 'createTrue' has been deprecated since v4.0.0. Use the appropriate method on 'ts.factory' or the 'factory' supplied by your transformation context instead.
DeprecationWarning: 'createObjectLiteralExpression' has been deprecated since v4.0.0. Use the appropriate method on 'ts.factory' or the 'factory' supplied by your transformation context instead.
DeprecationWarning: 'createFalse' has been deprecated since v4.0.0. Use the appropriate method on 'ts.factory' or the 'factory' supplied by your transformation context instead.
DeprecationWarning: 'createExpressionStatement' has been deprecated since v4.0.0. Use the appropriate method on 'ts.factory' or the 'factory' supplied by your transformation context instead.
DeprecationWarning: 'createTypeOfExpression' has been deprecated since v4.0.0. Use the appropriate method on 'ts.factory' or the 'factory' supplied by your transformation context instead.
DeprecationWarning: 'createElementAccessExpression' has been deprecated since v4.0.0. Use the appropriate method on 'ts.factory' or the 'factory' supplied by your transformation context instead.
DeprecationWarning: 'createIfStatement' has been deprecated since v4.0.0. Use the appropriate method on 'ts.factory' or the 'factory' supplied by your transformation context instead.
DeprecationWarning: 'createBlock' has been deprecated since v4.0.0. Use the appropriate method on 'ts.factory' or the 'factory' supplied by your transformation context instead.
DeprecationWarning: 'createVariableDeclaration' has been deprecated since v4.0.0. Use the appropriate method on 'ts.factory' or the 'factory' supplied by your transformation context instead.
DeprecationWarning: 'createCatchClause' has been deprecated since v4.0.0. Use the appropriate method on 'ts.factory' or the 'factory' supplied by your transformation context instead.
DeprecationWarning: 'createTryStatement' has been deprecated since v4.0.0. Use the appropriate method on 'ts.factory' or the 'factory' supplied by your transformation context instead.
DeprecationWarning: 'createArrayLiteralExpression' has been deprecated since v4.0.0. Use the appropriate method on 'ts.factory' or the 'factory' supplied by your transformation context instead.
<s> [webpack.Progress] 70% sealing plugins WarnCaseSensitiveModulesPlugin
<s> [webpack.Progress] 70% sealing plugins
<s> [webpack.Progress] 71% sealing dependencies optimization
<s> [webpack.Progress] 71% sealing dependencies optimization SideEffectsFlagPlugin
<s> [webpack.Progress] 71% sealing dependencies optimization FlagDependencyUsagePlugin
<s> [webpack.Progress] 71% sealing dependencies optimization
<s> [webpack.Progress] 71% sealing after dependencies optimization
<s> [webpack.Progress] 71% sealing after dependencies optimization
<s> [webpack.Progress] 72% sealing chunk graph
<s> [webpack.Progress] 72% sealing chunk graph
<s> [webpack.Progress] 73% sealing after chunk graph
<s> [webpack.Progress] 73% sealing after chunk graph
<s> [webpack.Progress] 73% sealing optimizing
<s> [webpack.Progress] 73% sealing optimizing
<s> [webpack.Progress] 74% sealing module optimization
<s> [webpack.Progress] 74% sealing module optimization
<s> [webpack.Progress] 75% sealing after module optimization
<s> [webpack.Progress] 75% sealing after module optimization
<s> [webpack.Progress] 75% sealing chunk optimization
<s> [webpack.Progress] 75% sealing chunk optimization EnsureChunkConditionsPlugin
<s> [webpack.Progress] 75% sealing chunk optimization RemoveEmptyChunksPlugin
<s> [webpack.Progress] 75% sealing chunk optimization MergeDuplicateChunksPlugin
<s> [webpack.Progress] 75% sealing chunk optimization SplitChunksPlugin
<s> [webpack.Progress] 75% sealing chunk optimization RemoveEmptyChunksPlugin
<s> [webpack.Progress] 75% sealing chunk optimization
<s> [webpack.Progress] 76% sealing after chunk optimization
<s> [webpack.Progress] 76% sealing after chunk optimization
<s> [webpack.Progress] 77% sealing module and chunk tree optimization
<s> [webpack.Progress] 77% sealing module and chunk tree optimization PersistentChildCompilerSingletonPlugin
<s> [webpack.Progress] 77% sealing module and chunk tree optimization
<s> [webpack.Progress] 77% sealing after module and chunk tree optimization
<s> [webpack.Progress] 77% sealing after module and chunk tree optimization
<s> [webpack.Progress] 78% sealing chunk modules optimization
<s> [webpack.Progress] 78% sealing chunk modules optimization ModuleConcatenationPlugin
<s> [webpack.Progress] 78% sealing chunk modules optimization
<s> [webpack.Progress] 78% sealing after chunk modules optimization
<s> [webpack.Progress] 78% sealing after chunk modules optimization
<s> [webpack.Progress] 79% sealing module reviving
<s> [webpack.Progress] 79% sealing module reviving RecordIdsPlugin
<s> [webpack.Progress] 79% sealing module reviving
<s> [webpack.Progress] 80% sealing before module ids
<s> [webpack.Progress] 80% sealing before module ids
<s> [webpack.Progress] 80% sealing module ids
<s> [webpack.Progress] 80% sealing module ids NamedModuleIdsPlugin
<s> [webpack.Progress] 80% sealing module ids
<s> [webpack.Progress] 81% sealing module id optimization
<s> [webpack.Progress] 81% sealing module id optimization
<s> [webpack.Progress] 82% sealing module id optimization
<s> [webpack.Progress] 82% sealing module id optimization
<s> [webpack.Progress] 82% sealing chunk reviving
<s> [webpack.Progress] 82% sealing chunk reviving RecordIdsPlugin
<s> [webpack.Progress] 82% sealing chunk reviving
<s> [webpack.Progress] 83% sealing before chunk ids
<s> [webpack.Progress] 83% sealing before chunk ids
<s> [webpack.Progress] 84% sealing chunk ids
<s> [webpack.Progress] 84% sealing chunk ids DeterministicChunkIdsPlugin
<s> [webpack.Progress] 84% sealing chunk ids
<s> [webpack.Progress] 84% sealing chunk id optimization
<s> [webpack.Progress] 84% sealing chunk id optimization FlagIncludedChunksPlugin
<s> [webpack.Progress] 84% sealing chunk id optimization
<s> [webpack.Progress] 85% sealing after chunk id optimization
<s> [webpack.Progress] 85% sealing after chunk id optimization
<s> [webpack.Progress] 86% sealing record modules
<s> [webpack.Progress] 86% sealing record modules RecordIdsPlugin
<s> [webpack.Progress] 86% sealing record modules
<s> [webpack.Progress] 86% sealing record chunks
<s> [webpack.Progress] 86% sealing record chunks RecordIdsPlugin
<s> [webpack.Progress] 86% sealing record chunks
<s> [webpack.Progress] 87% sealing module hashing
<s> [webpack.Progress] 87% sealing module hashing
<s> [webpack.Progress] 87% sealing code generation
<s> [webpack.Progress] 87% sealing code generation
<s> [webpack.Progress] 88% sealing runtime requirements
<s> [webpack.Progress] 88% sealing runtime requirements
<s> [webpack.Progress] 89% sealing hashing
<s> [webpack.Progress] 89% sealing hashing
<s> [webpack.Progress] 89% sealing after hashing
<s> [webpack.Progress] 89% sealing after hashing
<s> [webpack.Progress] 90% sealing record hash
<s> [webpack.Progress] 90% sealing record hash
<s> [webpack.Progress] 91% sealing module assets processing
<s> [webpack.Progress] 91% sealing module assets processing
<s> [webpack.Progress] 91% sealing chunk assets processing
<s> [webpack.Progress] 91% sealing chunk assets processing
<s> [webpack.Progress] 92% sealing asset processing
<s> [webpack.Progress] 92% sealing asset processing PersistentChildCompilerSingletonPlugin
<s> [webpack.Progress] 92% sealing asset processing TerserPlugin
<s> [webpack.Progress] 92% sealing asset processing SourceMapDevToolPlugin
<s> [webpack.Progress] 92% sealing asset processing SourceMapDevToolPlugin
<s> [webpack.Progress] 92% sealing asset processing SourceMapDevToolPlugin main.b26420bd.iframe.bundle.js generate SourceMap
<s> [webpack.Progress] 92% sealing asset processing SourceMapDevToolPlugin main.b26420bd.iframe.bundle.js generated SourceMap
<s> [webpack.Progress] 92% sealing asset processing SourceMapDevToolPlugin runtime~main.771b99eb.iframe.bundle.js generate SourceMap
<s> [webpack.Progress] 92% sealing asset processing SourceMapDevToolPlugin runtime~main.771b99eb.iframe.bundle.js generated SourceMap
<s> [webpack.Progress] 92% sealing asset processing SourceMapDevToolPlugin 701.6603c875.iframe.bundle.js generate SourceMap
<s> [webpack.Progress] 92% sealing asset processing SourceMapDevToolPlugin 701.6603c875.iframe.bundle.js generated SourceMap
<s> [webpack.Progress] 92% sealing asset processing SourceMapDevToolPlugin 51.40002d84.iframe.bundle.js generate SourceMap
<s> [webpack.Progress] 92% sealing asset processing SourceMapDevToolPlugin 51.40002d84.iframe.bundle.js generated SourceMap
<s> [webpack.Progress] 92% sealing asset processing SourceMapDevToolPlugin 807.28ec0e1e.iframe.bundle.js generate SourceMap
<s> [webpack.Progress] 92% sealing asset processing SourceMapDevToolPlugin 807.28ec0e1e.iframe.bundle.js generated SourceMap
<s> [webpack.Progress] 92% sealing asset processing SourceMapDevToolPlugin 551.2f665ecf.iframe.bundle.js generate SourceMap
<s> [webpack.Progress] 92% sealing asset processing SourceMapDevToolPlugin 551.2f665ecf.iframe.bundle.js generated SourceMap
<s> [webpack.Progress] 92% sealing asset processing SourceMapDevToolPlugin 897.7c383eab.iframe.bundle.js generate SourceMap
<s> [webpack.Progress] 92% sealing asset processing SourceMapDevToolPlugin 897.7c383eab.iframe.bundle.js generated SourceMap
<s> [webpack.Progress] 92% sealing asset processing SourceMapDevToolPlugin 229.73b128ea.iframe.bundle.js generate SourceMap
<s> [webpack.Progress] 92% sealing asset processing SourceMapDevToolPlugin 229.73b128ea.iframe.bundle.js generated SourceMap
<s> [webpack.Progress] 92% sealing asset processing SourceMapDevToolPlugin 935.cfa6fdf9.iframe.bundle.js generate SourceMap
<s> [webpack.Progress] 92% sealing asset processing SourceMapDevToolPlugin 935.cfa6fdf9.iframe.bundle.js generated SourceMap
<s> [webpack.Progress] 92% sealing asset processing SourceMapDevToolPlugin 435.dbd35b4e.iframe.bundle.js generate SourceMap
<s> [webpack.Progress] 92% sealing asset processing SourceMapDevToolPlugin 435.dbd35b4e.iframe.bundle.js generated SourceMap
<s> [webpack.Progress] 92% sealing asset processing SourceMapDevToolPlugin resolve sources
<s> [webpack.Progress] 92% sealing asset processing SourceMapDevToolPlugin 435.dbd35b4e.iframe.bundle.js attach SourceMap
<s> [webpack.Progress] 92% sealing asset processing SourceMapDevToolPlugin 435.dbd35b4e.iframe.bundle.js attached SourceMap
<s> [webpack.Progress] 92% sealing asset processing SourceMapDevToolPlugin
<s> [webpack.Progress] 92% sealing asset processing SourceMapDevToolPlugin
<s> [webpack.Progress] 92% sealing asset processing SourceMapDevToolPlugin resolve sources
<s> [webpack.Progress] 92% sealing asset processing SourceMapDevToolPlugin
<s> [webpack.Progress] 92% sealing asset processing HtmlWebpackPlugin
<s> [webpack.Progress] 92% sealing asset processing HtmlWebpackPlugin
<s> [webpack.Progress] 92% sealing asset processing HtmlWebpackPlugin resolve sources
<s> [webpack.Progress] 92% sealing asset processing HtmlWebpackPlugin
<s> [webpack.Progress] 92% sealing asset processing RealContentHashPlugin
<s> [webpack.Progress] 92% sealing asset processing RealContentHashPlugin
<s> [webpack.Progress] 92% sealing asset processing RealContentHashPlugin runtime~main.54efec4a.iframe.bundle.js generate SourceMap
<s> [webpack.Progress] 92% sealing asset processing RealContentHashPlugin runtime~main.54efec4a.iframe.bundle.js generated SourceMap
<s> [webpack.Progress] 92% sealing asset processing RealContentHashPlugin 701.b878215d.iframe.bundle.js generate SourceMap
<s> [webpack.Progress] 92% sealing asset processing RealContentHashPlugin 701.b878215d.iframe.bundle.js generated SourceMap
<s> [webpack.Progress] 92% sealing asset processing RealContentHashPlugin 551.6f16c369.iframe.bundle.js generate SourceMap
<s> [webpack.Progress] 92% sealing asset processing RealContentHashPlugin 551.6f16c369.iframe.bundle.js generated SourceMap
<s> [webpack.Progress] 92% sealing asset processing RealContentHashPlugin 229.2c9c713a.iframe.bundle.js generate SourceMap
<s> [webpack.Progress] 92% sealing asset processing RealContentHashPlugin 229.2c9c713a.iframe.bundle.js generated SourceMap
<s> [webpack.Progress] 92% sealing asset processing RealContentHashPlugin 935.1d345fbe.iframe.bundle.js generate SourceMap
<s> [webpack.Progress] 92% sealing asset processing RealContentHashPlugin 935.1d345fbe.iframe.bundle.js generated SourceMap
<s> [webpack.Progress] 92% sealing asset processing RealContentHashPlugin main.c885abd8.iframe.bundle.js generate SourceMap
<s> [webpack.Progress] 92% sealing asset processing RealContentHashPlugin main.c885abd8.iframe.bundle.js generated SourceMap
<s> [webpack.Progress] 92% sealing asset processing RealContentHashPlugin 51.76674b95.iframe.bundle.js generate SourceMap
<s> [webpack.Progress] 92% sealing asset processing RealContentHashPlugin 51.76674b95.iframe.bundle.js generated SourceMap
<s> [webpack.Progress] 92% sealing asset processing RealContentHashPlugin 807.88ad7df8.iframe.bundle.js generate SourceMap
<s> [webpack.Progress] 92% sealing asset processing RealContentHashPlugin 807.88ad7df8.iframe.bundle.js generated SourceMap
<s> [webpack.Progress] 92% sealing asset processing RealContentHashPlugin 897.1041eb46.iframe.bundle.js generate SourceMap
<s> [webpack.Progress] 92% sealing asset processing RealContentHashPlugin 897.1041eb46.iframe.bundle.js generated SourceMap
<s> [webpack.Progress] 92% sealing asset processing RealContentHashPlugin resolve sources
<s> [webpack.Progress] 92% sealing asset processing RealContentHashPlugin
<s> [webpack.Progress] 92% sealing asset processing
<s> [webpack.Progress] 93% sealing after asset optimization
<s> [webpack.Progress] 93% sealing after asset optimization
<s> [webpack.Progress] 93% sealing recording
<s> [webpack.Progress] 93% sealing recording
<s> [webpack.Progress] 94% sealing after seal
<s> [webpack.Progress] 94% sealing after seal
<s> [webpack.Progress] 95% emitting emit
<s> [webpack.Progress] 95% emitting emit
<s> [webpack.Progress] 98% emitting after emit
<s> [webpack.Progress] 98% emitting after emit SizeLimitsPlugin
<s> [webpack.Progress] 98% emitting after emit
<s> [webpack.Progress] 99% done plugins
<s> [webpack.Progress] 99% done plugins CaseSensitivePathsPlugin
<s> [webpack.Progress] 99% done plugins
<s> [webpack.Progress] 99% 

<s> [webpack.Progress] 99% cache store build dependencies
<s> [webpack.Progress] 99% cache store build dependencies
<s> [webpack.Progress] 99% cache begin idle
<s> [webpack.Progress] 99% cache begin idle
<s> [webpack.Progress] 100% 

info => Preview built (1.82 min)
WARN asset size limit: The following asset(s) exceed the recommended size limit (244 KiB).
WARN This can impact web performance.
WARN Assets: 
WARN   main.c885abd8.iframe.bundle.js (333 KiB)
WARN   807.88ad7df8.iframe.bundle.js (792 KiB)
WARN   435.7134fdcd.iframe.bundle.js (4.04 MiB)
WARN entrypoint size limit: The following entrypoint(s) combined asset size exceeds the recommended limit (244 KiB). This can impact web performance.
WARN Entrypoints:
WARN   main (4.38 MiB)
WARN       runtime~main.54efec4a.iframe.bundle.js
WARN       435.7134fdcd.iframe.bundle.js
WARN       main.c885abd8.iframe.bundle.js
WARN 
<s> [webpack.Progress] 99% cache shutdown
<s> [webpack.Progress] 99% cache shutdown
<s> [webpack.Progress] 100% 

info => Output directory: /tmp/chromatic--9562-PPdMkHngIILn
